Arguments: 
  D:\Program Files\nodejs\node.exe D:\Program Files (x86)\Yarn\bin\yarn.js info

PATH: 
  d:\gcc\bin;d:\gcc\libexec\gcc\x86_64-pc-mingw32\6.2.0;C:\ProgramData\Oracle\Java\javapath;C:\Progra~2\Oracle\Ora1120\bin;C:\windows\system32;C:\windows;C:\windows\System32\Wbem;C:\windows\System32\WindowsPowerShell\v1.0\;C:\windows\idmu\common;C:\Program Files\Microsoft SQL Server\120\Tools\Binn\;C:\Program Files (x86)\Windows Kits\8.1\Windows Performance Toolkit\;D:\Alex\apache-maven-3.3.9\bin;C:\Program Files\Microsoft SQL Server\130\Tools\Binn\;C:\Program Files (x86)\Dell\SysMgt\rac5;C:\Program Files (x86)\GtkSharp\2.12\bin;D:\Program Files\nodejs\;D:\Program Files (x86)\Yarn\bin;C:\Users\fenyo\AppData\Local\Keybase\;C:\Users\fenyo\AppData\Roaming\npm;C:\Users\fenyo\AppData\Local\Yarn\bin

Yarn version: 
  1.3.2

Node version: 
  8.9.4

Platform: 
  win32 x64

npm manifest: 
  {
    "name": "net-monitor",
    "version": "1.0.0",
    "description": "dynamic time series with JS and JEE",
    "main": "index.html",
    "repository": {
      "type": "git",
      "url": "https://github.com/AlexandreFenyo/net-monitor/net-monitor.git"
    },
    "author": "Alexandre Fenyo",
    "license": "Apache-2.0",
    "dependencies": {
      "chart.js": "^2.7.1",
      "jquery": "^3.3.1",
      "webstomp-client": "^1.2.0"
    }
  }

yarn manifest: 
  No manifest

Lockfile: 
  # THIS IS AN AUTOGENERATED FILE. DO NOT EDIT THIS FILE DIRECTLY.
  # yarn lockfile v1
  
  
  chart.js@^2.7.1:
    version "2.7.1"
    resolved "https://registry.yarnpkg.com/chart.js/-/chart.js-2.7.1.tgz#ae90b4aa4ff1f02decd6b1a2a8dabfd73c9f9886"
    dependencies:
      chartjs-color "~2.2.0"
      moment "~2.18.0"
  
  chartjs-color-string@^0.5.0:
    version "0.5.0"
    resolved "https://registry.yarnpkg.com/chartjs-color-string/-/chartjs-color-string-0.5.0.tgz#8d3752d8581d86687c35bfe2cb80ac5213ceb8c1"
    dependencies:
      color-name "^1.0.0"
  
  chartjs-color@~2.2.0:
    version "2.2.0"
    resolved "https://registry.yarnpkg.com/chartjs-color/-/chartjs-color-2.2.0.tgz#84a2fb755787ed85c39dd6dd8c7b1d88429baeae"
    dependencies:
      chartjs-color-string "^0.5.0"
      color-convert "^0.5.3"
  
  color-convert@^0.5.3:
    version "0.5.3"
    resolved "https://registry.yarnpkg.com/color-convert/-/color-convert-0.5.3.tgz#bdb6c69ce660fadffe0b0007cc447e1b9f7282bd"
  
  color-name@^1.0.0:
    version "1.1.3"
    resolved "https://registry.yarnpkg.com/color-name/-/color-name-1.1.3.tgz#a7d0558bd89c42f795dd42328f740831ca53bc25"
  
  jquery@^3.3.1:
    version "3.3.1"
    resolved "https://registry.yarnpkg.com/jquery/-/jquery-3.3.1.tgz#958ce29e81c9790f31be7792df5d4d95fc57fbca"
  
  moment@~2.18.0:
    version "2.18.1"
    resolved "https://registry.yarnpkg.com/moment/-/moment-2.18.1.tgz#c36193dd3ce1c2eed2adb7c802dbbc77a81b1c0f"
  
  webstomp-client@^1.2.0:
    version "1.2.0"
    resolved "https://registry.yarnpkg.com/webstomp-client/-/webstomp-client-1.2.0.tgz#454da66c2ff86c4a876f04218b6d9de8946e596b"

Trace: 
  TypeError: Cannot convert undefined or null to object
      at keys (<anonymous>)
      at Object.<anonymous> (D:\Program Files (x86)\Yarn\lib\cli.js:81607:59)
      at Generator.next (<anonymous>)
      at step (D:\Program Files (x86)\Yarn\lib\cli.js:92:30)
      at D:\Program Files (x86)\Yarn\lib\cli.js:103:13
      at <anonymous>
      at process._tickCallback (internal/process/next_tick.js:188:7)
